-------------------------------------------------------------------------------
Test set: com.example.careplus.service.ResponsavelServiceTest
-------------------------------------------------------------------------------
Tests run: 12, Failures: 0, Errors: 2, Skipped: 0, Time elapsed: 0.336 s <<< FAILURE! -- in com.example.careplus.service.ResponsavelServiceTest
com.example.careplus.service.ResponsavelServiceTest.deveCriarResponsavelComEndereco -- Time elapsed: 0.024 s <<< ERROR!
org.mockito.exceptions.misusing.UnnecessaryStubbingException: 

Unnecessary stubbings detected.
Clean & maintainable test code requires zero unnecessary code.
Following stubbings are unnecessary (click to navigate to relevant line of code):
  1. -> at com.example.careplus.service.ResponsavelServiceTest.deveCriarResponsavelComEndereco(ResponsavelServiceTest.java:83)
Please remove unnecessary stubbings or use 'lenient' strictness. More info: javadoc for UnnecessaryStubbingException class.
	at org.mockito.junit.jupiter.MockitoExtension.afterEach(MockitoExtension.java:197)
	at java.base/java.util.ArrayList.forEach(ArrayList.java:1596)
	at java.base/java.util.ArrayList.forEach(ArrayList.java:1596)

com.example.careplus.service.ResponsavelServiceTest.deveCriarResponsavel -- Time elapsed: 0.007 s <<< ERROR!
org.mockito.exceptions.misusing.UnnecessaryStubbingException: 

Unnecessary stubbings detected.
Clean & maintainable test code requires zero unnecessary code.
Following stubbings are unnecessary (click to navigate to relevant line of code):
  1. -> at com.example.careplus.service.ResponsavelServiceTest.deveCriarResponsavel(ResponsavelServiceTest.java:50)
Please remove unnecessary stubbings or use 'lenient' strictness. More info: javadoc for UnnecessaryStubbingException class.
	at org.mockito.junit.jupiter.MockitoExtension.afterEach(MockitoExtension.java:197)
	at java.base/java.util.ArrayList.forEach(ArrayList.java:1596)
	at java.base/java.util.ArrayList.forEach(ArrayList.java:1596)

